Сборка начата 25.11.2020 13:44:13.
     1>Проект "C:\Users\User\Desktop\учеба\2 курс\КСИС\Calculator\Calculator\Calculator.vcxproj" в узле 2 (целевые объекты Build).
     1>InitializeBuildStatus:
         Создание "Debug\Calculator.tlog\unsuccessfulbuild", так как было задано "AlwaysCreate".
       ClCompile:
         C:\Program Files (x86)\Microsoft Visual Studio\2019\Community\VC\Tools\MSVC\14.23.28105\bin\HostX86\x86\CL.exe /c /ZI /JMC /nologo /W3 /WX- /diagnostics:column /sdl /Od /Oy- /D WIN32 /D _DEBUG /D _CONSOLE /D _UNICODE /D UNICODE /Gm- /EHsc /RTC1 /MDd /GS /fp:precise /permissive- /Zc:wchar_t /Zc:forScope /Zc:inline /Fo"Debug\\" /Fd"Debug\vc142.pdb" /Gd /TP /analyze- /FC /errorReport:prompt Calculator.cpp
         Calculator.cpp
     1>C:\Users\User\Desktop\учеба\2 курс\КСИС\Calculator\Calculator\Calculator.cpp(86,21): warning C4018: <=: несоответствие типов со знаком и без знака
     1>C:\Users\User\Desktop\учеба\2 курс\КСИС\Calculator\Calculator\Calculator.cpp(90,23): warning C4018: <=: несоответствие типов со знаком и без знака
     1>C:\Users\User\Desktop\учеба\2 курс\КСИС\Calculator\Calculator\Calculator.cpp(135,31): warning C4244: +=: преобразование "double" в "int", возможна потеря данных
     1>C:\Users\User\Desktop\учеба\2 курс\КСИС\Calculator\Calculator\Calculator.cpp(105,11): warning C4101: mod: неиспользованная локальная переменная
     1>C:\Users\User\Desktop\учеба\2 курс\КСИС\Calculator\Calculator\Calculator.cpp(105,6): warning C4101: bin: неиспользованная локальная переменная
       Link:
         C:\Program Files (x86)\Microsoft Visual Studio\2019\Community\VC\Tools\MSVC\14.23.28105\bin\HostX86\x86\link.exe /ERRORREPORT:PROMPT /OUT:"C:\Users\User\Desktop\учеба\2 курс\КСИС\Calculator\Debug\Calculator.exe" /INCREMENTAL /NOLOGO kernel32.lib user32.lib gdi32.lib winspool.lib comdlg32.lib advapi32.lib shell32.lib ole32.lib oleaut32.lib uuid.lib odbc32.lib odbccp32.lib /MANIFEST /MANIFESTUAC:"level='asInvoker' uiAccess='false'" /manifest:embed /DEBUG:FASTLINK /PDB:"C:\Users\User\Desktop\учеба\2 курс\КСИС\Calculator\Debug\Calculator.pdb" /SUBSYSTEM:CONSOLE /TLBID:1 /DYNAMICBASE /NXCOMPAT /IMPLIB:"C:\Users\User\Desktop\учеба\2 курс\КСИС\Calculator\Debug\Calculator.lib" /MACHINE:X86 Debug\Calculator.obj
         Calculator.vcxproj -> C:\Users\User\Desktop\учеба\2 курс\КСИС\Calculator\Debug\Calculator.exe
       FinalizeBuildStatus:
         Файл "Debug\Calculator.tlog\unsuccessfulbuild" удаляется.
         Обращение к "Debug\Calculator.tlog\Calculator.lastbuildstate".
     1>Сборка проекта "C:\Users\User\Desktop\учеба\2 курс\КСИС\Calculator\Calculator\Calculator.vcxproj" завершена (целевые объекты Build).

Сборка успешно завершена.

       "C:\Users\User\Desktop\учеба\2 курс\КСИС\Calculator\Calculator\Calculator.vcxproj" (целевой объект Build ) (1) ->
       (Целевой объект ClCompile) -> 
         C:\Users\User\Desktop\учеба\2 курс\КСИС\Calculator\Calculator\Calculator.cpp(86,21): warning C4018: <=: несоответствие типов со знаком и без знака
         C:\Users\User\Desktop\учеба\2 курс\КСИС\Calculator\Calculator\Calculator.cpp(90,23): warning C4018: <=: несоответствие типов со знаком и без знака
         C:\Users\User\Desktop\учеба\2 курс\КСИС\Calculator\Calculator\Calculator.cpp(135,31): warning C4244: +=: преобразование "double" в "int", возможна потеря данных
         C:\Users\User\Desktop\учеба\2 курс\КСИС\Calculator\Calculator\Calculator.cpp(105,11): warning C4101: mod: неиспользованная локальная переменная
         C:\Users\User\Desktop\учеба\2 курс\КСИС\Calculator\Calculator\Calculator.cpp(105,6): warning C4101: bin: неиспользованная локальная переменная

    Предупреждений: 5
    Ошибок: 0

Прошло времени 00:00:01.73
